[2020-12-17T13:59:19.084] [INFO] cheese - [英] >> [中]
[2020-12-17T13:59:19.088] [INFO] cheese - 使用 youdao 翻译
[2020-12-17T13:59:19.508] [INFO] cheese - [youdao] 启动浏览器
[2020-12-17T13:59:19.597] [INFO] cheese - [youdao] 打开页面
[2020-12-17T13:59:20.591] [INFO] cheese - [youdao] 页面加载成功!
[2020-12-17T13:59:20.593] [INFO] cheese - [youdao] 进入有道翻译
[2020-12-17T13:59:20.941] [INFO] cheese - [youdao] 输入: [ cat ]
[2020-12-17T13:59:21.497] [INFO] cheese - 翻译结果: 1.cat
2.猫
3.
4.n. 猫，猫科动物
[2020-12-17T13:59:33.142] [INFO] cheese - [英] >> [中]
[2020-12-17T13:59:33.146] [INFO] cheese - 使用 youdao 翻译
[2020-12-17T13:59:33.561] [INFO] cheese - [youdao] 启动浏览器
[2020-12-17T13:59:33.603] [INFO] cheese - [youdao] 打开页面
[2020-12-17T13:59:34.654] [INFO] cheese - [youdao] 页面加载成功!
[2020-12-17T13:59:34.655] [INFO] cheese - [youdao] 进入有道翻译
[2020-12-17T13:59:35.008] [INFO] cheese - [youdao] 输入: [ cat ]
[2020-12-17T13:59:35.594] [INFO] cheese - 翻译结果: 1.cat
2.猫
3.
4.n. 猫，猫科动物
[2020-12-17T14:00:34.177] [INFO] cheese - [中] >> [英]
[2020-12-17T14:00:34.180] [INFO] cheese - 使用 youdao 翻译
[2020-12-17T14:00:34.604] [INFO] cheese - [youdao] 启动浏览器
[2020-12-17T14:00:34.654] [INFO] cheese - [youdao] 打开页面
[2020-12-17T14:00:35.586] [INFO] cheese - [youdao] 页面加载成功!
[2020-12-17T14:00:35.587] [INFO] cheese - [youdao] 进入有道翻译
[2020-12-17T14:00:35.729] [INFO] cheese - [youdao] 输入: [ 过度 ]
[2020-12-17T14:00:36.236] [INFO] cheese - 翻译结果: 1.过度
2.
3.
4.
[2020-12-17T14:00:43.153] [INFO] cheese - [中] >> [英]
[2020-12-17T14:00:43.156] [INFO] cheese - 使用 youdao 翻译
[2020-12-17T14:00:43.576] [INFO] cheese - [youdao] 启动浏览器
[2020-12-17T14:00:43.624] [INFO] cheese - [youdao] 打开页面
[2020-12-17T14:00:44.926] [INFO] cheese - [youdao] 页面加载成功!
[2020-12-17T14:00:44.928] [INFO] cheese - [youdao] 进入有道翻译
[2020-12-17T14:00:45.137] [INFO] cheese - [youdao] 输入: [ 过渡 ]
[2020-12-17T14:00:45.644] [INFO] cheese - 翻译结果: 1.过渡
2.
3.
4.
